<?xml version="1.0" encoding="UTF-8"?>
<!-- Generated by org.testng.reporters.JUnitXMLReporter -->
<testsuite hostname="SST-LAP-LEN0034" ignored="0" name="startstop" tests="4" failures="0" timestamp="08 Feb 2020 22:20:12 GMT" time="35.119" errors="0">
  <testcase name="AccessClubKitchenMamacitaURL" time="0.941" classname="com.clubkitchen.testcases.TC_AddToCart"/>
  <testcase name="enterAddress" time="9.491" classname="com.clubkitchen.testcases.TC_AddToCart"/>
  <testcase name="goToFlipKart" time="15.097" classname="com.clubkitchen.testcases.TC_AddToCart"/>
  <testcase name="compareValues" time="0.0" classname="com.clubkitchen.testcases.TC_AddToCart"/>
</testsuite> <!-- startstop -->
