<?xml version="1.0" encoding="UTF-8"?>
<!-- Generated by org.testng.reporters.JUnitXMLReporter -->
<testsuite hostname="SST-LAP-LEN0034" ignored="0" name="artifactlaunch" tests="4" failures="0" timestamp="03 Jan 2020 10:49:20 GMT" time="820.294" errors="0">
  <testcase name="loginToAppbuilder" time="23.284" classname="com.appbuilder.testcases.TC_CreatePlatformArtifact_003"/>
  <testcase name="CreatePlatformWithArtifact" time="70.023" classname="com.appbuilder.testcases.TC_CreatePlatformArtifact_003"/>
  <testcase name="launchPlatform" time="468.858" classname="com.appbuilder.testcases.TC_CreatePlatformArtifact_003"/>
  <testcase name="destroyDeletePlatform" time="251.397" classname="com.appbuilder.testcases.TC_CreatePlatformArtifact_003"/>
</testsuite> <!-- artifactlaunch -->
