<?xml version="1.0" encoding="UTF-8"?>
<!-- Generated by org.testng.reporters.JUnitXMLReporter -->
<testsuite hostname="SST-LAP-LEN0034" name="startstop" tests="3" failures="0" timestamp="4 Jan 2020 09:42:51 GMT" time="0.068" errors="0">
  <testcase name="@BeforeClass setUp" time="0.0" classname="com.clubkitchen.testcases.TC_AddToCart">
    <failure type="java.lang.NullPointerException">
      <![CDATA[java.lang.NullPointerException
	at com.clubkitchen.utilities.ConfigDataProvider.getBrowser(ConfigDataProvider.java:37)
	at com.clubkitchen.base.BaseClass.setUp(BaseClass.java:109)
... Removed 24 stack frames]]>
    </failure>
  </testcase> <!-- @BeforeClass setUp -->
  <testcase name="@AfterMethod getResult" time="0.0" classname="com.clubkitchen.testcases.TC_AddToCart">
    <skipped/>
  </testcase> <!-- @AfterMethod getResult -->
  <testcase name="@AfterMethod getResult" time="0.0" classname="com.clubkitchen.testcases.TC_AddToCart">
    <skipped/>
  </testcase> <!-- @AfterMethod getResult -->
  <testcase name="@AfterMethod getResult" time="0.0" classname="com.clubkitchen.testcases.TC_AddToCart">
    <skipped/>
  </testcase> <!-- @AfterMethod getResult -->
  <testcase name="@AfterClass tearDown" time="0.0" classname="com.clubkitchen.testcases.TC_AddToCart">
    <skipped/>
  </testcase> <!-- @AfterClass tearDown -->
  <testcase name="AccessClubKitchenMamacitaURL" time="0.002" classname="com.clubkitchen.testcases.TC_AddToCart">
    <skipped/>
  </testcase> <!-- AccessClubKitchenMamacitaURL -->
  <testcase name="enterAddress" time="0.0" classname="com.clubkitchen.testcases.TC_AddToCart">
    <skipped/>
  </testcase> <!-- enterAddress -->
  <testcase name="addProductsToCart" time="0.004" classname="com.clubkitchen.testcases.TC_AddToCart">
    <skipped/>
  </testcase> <!-- addProductsToCart -->
</testsuite> <!-- startstop -->
