<?xml version="1.0" encoding="UTF-8"?>
<testng-results skipped="3" failed="0" total="3" passed="0">
  <reporter-output>
  </reporter-output>
  <suite name="ClubKitchenFunctionalTests" duration-ms="68" started-at="2020-01-04T09:42:51Z" finished-at="2020-01-04T09:42:51Z">
    <groups>
    </groups>
    <test name="startstop" duration-ms="68" started-at="2020-01-04T09:42:51Z" finished-at="2020-01-04T09:42:51Z">
      <class name="com.clubkitchen.testcases.TC_AddToCart">
        <test-method status="PASS" signature="suiteSetUp()[pri:0, instance:com.clubkitchen.testcases.TC_AddToCart@53ca01a2]" name="suiteSetUp" is-config="true" duration-ms="167" started-at="2020-01-04T15:12:50Z" finished-at="2020-01-04T15:12:51Z">
          <reporter-output>
          </reporter-output>
        </test-method> <!-- suiteSetUp -->
        <test-method status="FAIL" signature="setUp(java.lang.String)[pri:0, instance:com.clubkitchen.testcases.TC_AddToCart@53ca01a2]" name="setUp" is-config="true" duration-ms="0" started-at="2020-01-04T15:12:51Z" finished-at="2020-01-04T15:12:51Z">
          <params>
            <param index="0">
              <value>
                <![CDATA[Chrome]]>
              </value>
            </param>
          </params>
          <exception class="java.lang.NullPointerException">
            <full-stacktrace>
              <![CDATA[java.lang.NullPointerException
	at com.clubkitchen.utilities.ConfigDataProvider.getBrowser(ConfigDataProvider.java:37)
	at com.clubkitchen.base.BaseClass.setUp(BaseClass.java:109)
	at sun.reflect.NativeMethodAccessorImpl.invoke0(Native Method)
	at sun.reflect.NativeMethodAccessorImpl.invoke(NativeMethodAccessorImpl.java:62)
	at sun.reflect.DelegatingMethodAccessorImpl.invoke(DelegatingMethodAccessorImpl.java:43)
	at java.lang.reflect.Method.invoke(Method.java:498)
	at org.testng.internal.MethodInvocationHelper.invokeMethod(MethodInvocationHelper.java:86)
	at org.testng.internal.Invoker.invokeConfigurationMethod(Invoker.java:514)
	at org.testng.internal.Invoker.invokeConfigurations(Invoker.java:215)
	at org.testng.internal.Invoker.invokeConfigurations(Invoker.java:142)
	at org.testng.internal.TestMethodWorker.invokeBeforeClassMethods(TestMethodWorker.java:178)
	at org.testng.internal.TestMethodWorker.run(TestMethodWorker.java:108)
	at org.testng.TestRunner.privateRun(TestRunner.java:782)
	at org.testng.TestRunner.run(TestRunner.java:632)
	at org.testng.SuiteRunner.runTest(SuiteRunner.java:366)
	at org.testng.SuiteRunner.runSequentially(SuiteRunner.java:361)
	at org.testng.SuiteRunner.privateRun(SuiteRunner.java:319)
	at org.testng.SuiteRunner.run(SuiteRunner.java:268)
	at org.testng.SuiteRunnerWorker.runSuite(SuiteRunnerWorker.java:52)
	at org.testng.SuiteRunnerWorker.run(SuiteRunnerWorker.java:86)
	at org.testng.TestNG.runSuitesSequentially(TestNG.java:1244)
	at org.testng.TestNG.runSuitesLocally(TestNG.java:1169)
	at org.testng.TestNG.run(TestNG.java:1064)
	at org.testng.remote.RemoteTestNG.run(RemoteTestNG.java:113)
	at org.testng.remote.RemoteTestNG.initAndRun(RemoteTestNG.java:206)
	at org.testng.remote.RemoteTestNG.main(RemoteTestNG.java:177)
]]>
            </full-stacktrace>
          </exception> <!-- java.lang.NullPointerException -->
          <reporter-output>
          </reporter-output>
        </test-method> <!-- setUp -->
        <test-method status="SKIP" signature="AccessClubKitchenMamacitaURL()[pri:1, instance:com.clubkitchen.testcases.TC_AddToCart@53ca01a2]" name="AccessClubKitchenMamacitaURL" duration-ms="2" started-at="2020-01-04T15:12:51Z" finished-at="2020-01-04T15:12:51Z">
          <reporter-output>
          </reporter-output>
        </test-method> <!-- AccessClubKitchenMamacitaURL -->
        <test-method status="SKIP" signature="getResult(org.testng.ITestResult)[pri:0, instance:com.clubkitchen.testcases.TC_AddToCart@53ca01a2]" name="getResult" is-config="true" duration-ms="0" started-at="2020-01-04T15:12:51Z" finished-at="2020-01-04T15:12:51Z">
          <reporter-output>
          </reporter-output>
        </test-method> <!-- getResult -->
        <test-method status="SKIP" signature="enterAddress()[pri:2, instance:com.clubkitchen.testcases.TC_AddToCart@53ca01a2]" name="enterAddress" duration-ms="0" started-at="2020-01-04T15:12:51Z" finished-at="2020-01-04T15:12:51Z">
          <reporter-output>
          </reporter-output>
        </test-method> <!-- enterAddress -->
        <test-method status="SKIP" signature="addProductsToCart()[pri:3, instance:com.clubkitchen.testcases.TC_AddToCart@53ca01a2]" name="addProductsToCart" duration-ms="4" started-at="2020-01-04T15:12:51Z" finished-at="2020-01-04T15:12:51Z">
          <reporter-output>
          </reporter-output>
        </test-method> <!-- addProductsToCart -->
        <test-method status="SKIP" signature="getResult(org.testng.ITestResult)[pri:0, instance:com.clubkitchen.testcases.TC_AddToCart@53ca01a2]" name="getResult" is-config="true" duration-ms="0" started-at="2020-01-04T15:12:51Z" finished-at="2020-01-04T15:12:51Z">
          <reporter-output>
          </reporter-output>
        </test-method> <!-- getResult -->
        <test-method status="SKIP" signature="getResult(org.testng.ITestResult)[pri:0, instance:com.clubkitchen.testcases.TC_AddToCart@53ca01a2]" name="getResult" is-config="true" duration-ms="0" started-at="2020-01-04T15:12:51Z" finished-at="2020-01-04T15:12:51Z">
          <reporter-output>
          </reporter-output>
        </test-method> <!-- getResult -->
        <test-method status="SKIP" signature="tearDown()[pri:0, instance:com.clubkitchen.testcases.TC_AddToCart@53ca01a2]" name="tearDown" is-config="true" duration-ms="0" started-at="2020-01-04T15:12:51Z" finished-at="2020-01-04T15:12:51Z">
          <reporter-output>
          </reporter-output>
        </test-method> <!-- tearDown -->
        <test-method status="SKIP" signature="suitetearDown()[pri:0, instance:com.clubkitchen.testcases.TC_AddToCart@53ca01a2]" name="suitetearDown" is-config="true" duration-ms="0" started-at="2020-01-04T15:12:51Z" finished-at="2020-01-04T15:12:51Z">
          <reporter-output>
          </reporter-output>
        </test-method> <!-- suitetearDown -->
      </class> <!-- com.clubkitchen.testcases.TC_AddToCart -->
    </test> <!-- startstop -->
  </suite> <!-- ClubKitchenFunctionalTests -->
</testng-results>
