<?xml version="1.0" encoding="UTF-8"?>
<!-- Generated by org.testng.reporters.JUnitXMLReporter -->
<testsuite hostname="SST-LAP-LEN0034" ignored="0" name="IphonePriceComparision" tests="4" failures="0" timestamp="09 Feb 2020 12:29:18 GMT" time="24.938" errors="0">
  <testcase name="AccessAmazonURL" time="4.934" classname="com.eqtribe.testcases.TC_VerifyIPhonePricesAmazonFlipkart"/>
  <testcase name="searchIphoneGetPrice" time="6.477" classname="com.eqtribe.testcases.TC_VerifyIPhonePricesAmazonFlipkart"/>
  <testcase name="goToFlipKartFetchIphonePrice" time="7.876" classname="com.eqtribe.testcases.TC_VerifyIPhonePricesAmazonFlipkart"/>
  <testcase name="compareValues" time="0.0" classname="com.eqtribe.testcases.TC_VerifyIPhonePricesAmazonFlipkart"/>
</testsuite> <!-- IphonePriceComparision -->
